14.2016.11 23:29:05	04	21.187
14.2016.11 23:29:05	05	21.375
14.2016.11 23:29:05	08	21.875
14.2016.11 23:29:12	04	21.187
14.2016.11 23:29:12	05	21.375
14.2016.11 23:29:12	08	21.875
14.2016.11 23:29:20	04	21.187
14.2016.11 23:29:20	05	21.375
14.2016.11 23:29:20	08	21.875
14.2016.11 23:29:28	04	21.187
14.2016.11 23:29:28	05	21.375
14.2016.11 23:29:28	08	21.875
14.2016.11 23:29:36	04	21.187
14.2016.11 23:29:36	05	21.375
14.2016.11 23:29:36	08	21.875
14.2016.11 23:29:43	04	21.187
14.2016.11 23:29:43	05	21.437
14.2016.11 23:29:43	08	21.812
14.2016.11 23:29:51	04	21.187
14.2016.11 23:29:51	05	21.375
14.2016.11 23:29:51	08	21.812
14.2016.11 23:29:58	04	21.187
14.2016.11 23:29:58	05	21.375
14.2016.11 23:29:58	08	21.812
